<?xml version="1.0" encoding="UTF-8"?>
<coverage generated="1527078470536" clover="3.2.0">
  <project timestamp="1527078470536" name="All files">
    <metrics statements="20" coveredstatements="18" conditionals="56" coveredconditionals="27" methods="6" coveredmethods="6" elements="82" coveredelements="51" complexity="0" loc="20" ncloc="20" packages="1" files="2" classes="2">
      <file name="app.controller.ts" path="C:\Users\roeeh1\WebstormProjects\trackai\tracking\src\app.controller.ts">
        <metrics statements="12" coveredstatements="11" conditionals="34" coveredconditionals="20" methods="4" coveredmethods="4"/>
        <line num="1" count="1" type="cond" truecount="2" falsecount="1"/>
        <line num="2" count="2" type="cond" truecount="3" falsecount="1"/>
        <line num="3" count="2" type="cond" truecount="3" falsecount="1"/>
        <line num="4" count="0" type="cond" truecount="0" falsecount="8"/>
        <line num="5" count="2" type="cond" truecount="3" falsecount="0"/>
        <line num="7" count="1" type="cond" truecount="2" falsecount="1"/>
        <line num="8" count="4" type="cond" truecount="3" falsecount="1"/>
        <line num="12" count="1" type="stmt"/>
        <line num="14" count="1" type="stmt"/>
        <line num="17" count="1" type="stmt"/>
        <line num="20" count="1" type="stmt"/>
        <line num="26" count="1" type="stmt"/>
      </file>
      <file name="session.service.ts" path="C:\Users\roeeh1\WebstormProjects\trackai\tracking\src\session.service.ts">
        <metrics statements="8" coveredstatements="7" conditionals="22" coveredconditionals="7" methods="2" coveredmethods="2"/>
        <line num="1" count="1" type="cond" truecount="2" falsecount="1"/>
        <line num="2" count="1" type="cond" truecount="1" falsecount="3"/>
        <line num="3" count="1" type="cond" truecount="3" falsecount="1"/>
        <line num="4" count="0" type="cond" truecount="0" falsecount="8"/>
        <line num="5" count="1" type="cond" truecount="1" falsecount="2"/>
        <line num="8" count="1" type="stmt"/>
        <line num="10" count="1" type="stmt"/>
        <line num="13" count="1" type="stmt"/>
      </file>
    </metrics>
  </project>
</coverage>
